
2016-07-13 00:00:23
{"errno":1,"code":"SQLITE_ERROR"}
7/12/2016, 9:34:43 PM
{"code":"LIMIT_UNEXPECTED_FILE","field":"file","storageErrors":[]}
7/12/2016, 9:34:43 PM
{"code":"LIMIT_UNEXPECTED_FILE","field":"file","storageErrors":[]}
7/12/2016, 9:34:43 PM
{"code":"LIMIT_UNEXPECTED_FILE","field":"file","storageErrors":[]}
7/12/2016, 9:34:43 PM
{"code":"LIMIT_UNEXPECTED_FILE","field":"file","storageErrors":[]}
7/12/2016, 9:34:43 PM
{"code":"LIMIT_UNEXPECTED_FILE","field":"file","storageErrors":[]}
7/12/2016, 9:34:43 PM
{"code":"LIMIT_UNEXPECTED_FILE","field":"file","storageErrors":[]}
7/12/2016, 9:34:43 PM
{"code":"LIMIT_UNEXPECTED_FILE","field":"file","storageErrors":[]}
7/12/2016, 9:36:09 PM
{"code":"LIMIT_UNEXPECTED_FILE","field":"file","storageErrors":[]}
7/12/2016, 9:38:00 PM
{"errno":-4058,"code":"ENOENT","syscall":"open","path":"C:\\wamp\\www\\GitHub\\DigitalSignage\\server\\uploads\\file\\_1468373880403_Layout 1.jpg","storageErrors":[]}
2016-07-14 22:26:12
{"errno":1,"code":"SQLITE_ERROR"}
2016-07-14 22:28:17
{"error":{"errno":1,"code":"SQLITE_ERROR"}}
2016-07-14 22:29:45
{"error":{"errno":1,"code":"SQLITE_ERROR"}}
2016-07-18 15:28:36
{"errno":25,"code":"SQLITE_RANGE"}
2016-07-18 15:29:12
{"errno":25,"code":"SQLITE_RANGE"}
2016-07-18 15:29:26
{"errno":25,"code":"SQLITE_RANGE"}
2016-07-18 15:51:52
{"errno":1,"code":"SQLITE_ERROR"}
2016-07-18 15:51:53
{"errno":1,"code":"SQLITE_ERROR"}
2016-07-18 15:52:31
{"errno":1,"code":"SQLITE_ERROR"}
2016-07-18 15:52:32
{"errno":1,"code":"SQLITE_ERROR"}
2016-07-18 15:52:40
{"errno":1,"code":"SQLITE_ERROR"}
2016-07-18 15:54:31
{"errno":1,"code":"SQLITE_ERROR"}
2016-07-18 15:54:32
{"errno":1,"code":"SQLITE_ERROR"}
2016-07-18 15:55:37
{"errno":1,"code":"SQLITE_ERROR"}
2016-07-18 15:56:32
{"errno":1,"code":"SQLITE_ERROR"}
2016-07-18 15:59:18
{"errno":25,"code":"SQLITE_RANGE"}
2016-07-18 15:59:40
{"errno":25,"code":"SQLITE_RANGE"}
2016-07-18 16:02:04
{"errno":1,"code":"SQLITE_ERROR"}
2016-07-18 16:02:24
{"errno":1,"code":"SQLITE_ERROR"}
2016-07-18 16:17:38
{"errno":1,"code":"SQLITE_ERROR"}